<?xml version="1.0" encoding="UTF-8"?>
<!-- Generated by org.testng.reporters.JUnitReportReporter -->
<testsuite hostname="Najira" failures="0" tests="2" name="genericUtilities.JDBCConnection" time="0.621" errors="0" timestamp="2025-03-22T14:37:45 IST" skipped="0">
  <testcase classname="genericUtilities.JDBCConnection" name="executeUpdateSample" time="0.017"/>
  <system-out/>
  <testcase classname="genericUtilities.JDBCConnection" name="executeProgram" time="0.604"/>
  <system-out/>
</testsuite> <!-- genericUtilities.JDBCConnection -->
